0 info it worked if it ends with ok
1 verbose cli [ 'C:\\Program Files\\nodejs\\node.exe',
1 verbose cli   'C:\\Program Files\\nodejs\\node_modules\\npm\\bin\\npm-cli.js',
1 verbose cli   'start' ]
2 info using npm@3.8.6
3 info using node@v6.1.0
4 verbose run-script [ 'prestart', 'start', 'poststart' ]
5 info lifecycle pizza-app@~prestart: pizza-app@
6 silly lifecycle pizza-app@~prestart: no script for prestart, continuing
7 info lifecycle pizza-app@~start: pizza-app@
8 verbose lifecycle pizza-app@~start: unsafe-perm in lifecycle true
9 verbose lifecycle pizza-app@~start: PATH: C:\Program Files\nodejs\node_modules\npm\bin\node-gyp-bin;C:\Users\uapasha\fullstack\meteor-stuff\pizza-app\node_modules\.bin;C:\Program Files\nodejs;C:\Users\uapasha\bin;C:\Program Files\Git\mingw64\bin;C:\Program Files\Git\usr\local\bin;C:\Program Files\Git\usr\bin;C:\Program Files\Git\usr\bin;C:\Program Files\Git\mingw64\bin;C:\Program Files\Git\usr\bin;C:\Users\uapasha\bin;C:\Users\uapasha\Anaconda2;C:\Users\uapasha\Anaconda2\Scripts;C:\Users\uapasha\Anaconda2\Library\bin;C:\Python27;C:\Python27\Scripts;C:\Program Files (x86)\NVIDIA Corporation\PhysX\Common;C:\ProgramData\Oracle\Java\javapath;C:\Windows\system32;C:\Windows;C:\Windows\System32\Wbem;C:\Windows\System32\WindowsPowerShell\v1.0;C:\Program Files\Intel\WiFi\bin;C:\Program Files\Common Files\Intel\WirelessCommon;C:\Program Files\Lenovo\Bluetooth Software;C:\Program Files\Lenovo\Bluetooth Software\syswow64;C:\Program Files\Git\cmd;C:\HashiCorp\Vagrant\bin;C:\Program Files\Calibre2;C:\ProgramData\chocolatey\bin;C:\Program Files\nodejs;C:\Program Files\Java\jdk1.8.0_92\bin;C:\Program Files (x86)\Skype\Phone;C:\Users\uapasha\AppData\Local\Programs\Python\Python35-32\Scripts;C:\Users\uapasha\AppData\Local\Programs\Python\Python35-32;C:\Users\uapasha\Anaconda2;C:\Users\uapasha\Anaconda2\Scripts;C:\Users\uapasha\Anaconda2\Library\bin;C:\Program Files\Intel\WiFi\bin;C:\Program Files (x86)\Microsoft VS Code\bin;C:\Users\uapasha\AppData\Roaming\npm;C:\Users\uapasha\AppData\Local\Android\sdk\tools;C:\Users\uapasha\AppData\Local\Android\sdk\platform-tools;C:\Users\uapasha\AppData\Local\.meteor;C:\Program Files\Git\usr\bin\vendor_perl;C:\Program Files\Git\usr\bin\core_perl
10 verbose lifecycle pizza-app@~start: CWD: C:\Users\uapasha\fullstack\meteor-stuff\pizza-app
11 silly lifecycle pizza-app@~start: Args: [ '/d /s /c', 'meteor run' ]
12 silly lifecycle pizza-app@~start: Returned: code: 3  signal: null
13 info lifecycle pizza-app@~start: Failed to exec start script
14 verbose stack Error: pizza-app@ start: `meteor run`
14 verbose stack Exit status 3
14 verbose stack     at EventEmitter.<anonymous> (C:\Program Files\nodejs\node_modules\npm\lib\utils\lifecycle.js:239:16)
14 verbose stack     at emitTwo (events.js:106:13)
14 verbose stack     at EventEmitter.emit (events.js:191:7)
14 verbose stack     at ChildProcess.<anonymous> (C:\Program Files\nodejs\node_modules\npm\lib\utils\spawn.js:24:14)
14 verbose stack     at emitTwo (events.js:106:13)
14 verbose stack     at ChildProcess.emit (events.js:191:7)
14 verbose stack     at maybeClose (internal/child_process.js:850:16)
14 verbose stack     at Process.ChildProcess._handle.onexit (internal/child_process.js:215:5)
15 verbose pkgid pizza-app@
16 verbose cwd C:\Users\uapasha\fullstack\meteor-stuff\pizza-app
17 error Windows_NT 6.1.7601
18 error argv "C:\\Program Files\\nodejs\\node.exe" "C:\\Program Files\\nodejs\\node_modules\\npm\\bin\\npm-cli.js" "start"
19 error node v6.1.0
20 error npm  v3.8.6
21 error code ELIFECYCLE
22 error pizza-app@ start: `meteor run`
22 error Exit status 3
23 error Failed at the pizza-app@ start script 'meteor run'.
23 error Make sure you have the latest version of node.js and npm installed.
23 error If you do, this is most likely a problem with the pizza-app package,
23 error not with npm itself.
23 error Tell the author that this fails on your system:
23 error     meteor run
23 error You can get information on how to open an issue for this project with:
23 error     npm bugs pizza-app
23 error Or if that isn't available, you can get their info via:
23 error     npm owner ls pizza-app
23 error There is likely additional logging output above.
24 verbose exit [ 1, true ]
